<?xml version="1.0" encoding="UTF-8"?>
<!-- Generated by org.testng.reporters.JUnitReportReporter -->
<testsuite skipped="0" hostname="SIV" name="trakeye.StartChrome" tests="1" failures="0" timestamp="21 Mar 2019 09:45:55 GMT" time="23.059" errors="0">
  <testcase name="test1" time="23.059" classname="trakeye.StartChrome"/>
</testsuite> <!-- trakeye.StartChrome -->
