<?xml version="1.0" encoding="UTF-8"?>
<!-- Generated by org.testng.reporters.JUnitReportReporter -->
<testsuite skipped="0" hostname="SIV" name="trakeye.FourBaseCare" tests="1" failures="0" timestamp="21 Mar 2019 06:00:44 GMT" time="51.548" errors="0">
  <testcase name="Doctor" time="51.548" classname="trakeye.FourBaseCare"/>
</testsuite> <!-- trakeye.FourBaseCare -->
