<?xml version="1.0" encoding="UTF-8"?>
<!-- Generated by org.testng.reporters.JUnitReportReporter -->
<testsuite skipped="0" hostname="SIV" name="trakeye.Irctc" tests="1" failures="0" timestamp="21 Mar 2019 09:55:28 GMT" time="67.361" errors="0">
  <testcase name="Ticket" time="67.361" classname="trakeye.Irctc"/>
</testsuite> <!-- trakeye.Irctc -->
